<?xml version="1.0" encoding="UTF-8"?>
<testng-results ignored="0" total="2" passed="2" failed="0" skipped="0">
  <reporter-output>
  </reporter-output>
  <suite started-at="2018-05-28T15:13:21Z" name="Default Suite" finished-at="2018-05-28T15:15:30Z" duration-ms="128488">
    <groups>
    </groups>
    <test started-at="2018-05-28T15:13:21Z" name="TAEpractical" finished-at="2018-05-28T15:15:30Z" duration-ms="128488">
      <class name="com.TAE.tests.HomePageTest">
        <test-method is-config="true" signature="setup()[pri:0, instance:com.TAE.tests.HomePageTest@8dbdac1]" started-at="2018-05-28T16:13:21Z" name="setup" finished-at="2018-05-28T16:14:13Z" duration-ms="51921" status="PASS">
          <reporter-output>
          </reporter-output>
        </test-method> <!-- setup -->
        <test-method signature="endToEndPurchaseTest()[pri:0, instance:com.TAE.tests.HomePageTest@8dbdac1]" started-at="2018-05-28T16:14:13Z" name="endToEndPurchaseTest" finished-at="2018-05-28T16:14:54Z" duration-ms="41044" status="PASS">
          <reporter-output>
          </reporter-output>
        </test-method> <!-- endToEndPurchaseTest -->
        <test-method is-config="true" signature="closeBrowser(org.testng.ITestResult)[pri:0, instance:com.TAE.tests.HomePageTest@8dbdac1]" started-at="2018-05-28T16:14:54Z" name="closeBrowser" finished-at="2018-05-28T16:14:56Z" duration-ms="2224" status="PASS">
          <params>
            <param index="0">
              <value>
                <![CDATA[[TestResult name=endToEndPurchaseTest status=SUCCESS method=HomePageTest.endToEndPurchaseTest()[pri:0, instance:com.TAE.tests.HomePageTest@8dbdac1] output={null}]]]>
              </value>
            </param>
          </params>
          <reporter-output>
          </reporter-output>
        </test-method> <!-- closeBrowser -->
        <test-method is-config="true" signature="setup()[pri:0, instance:com.TAE.tests.HomePageTest@8dbdac1]" started-at="2018-05-28T16:14:56Z" name="setup" finished-at="2018-05-28T16:15:17Z" duration-ms="20276" status="PASS">
          <reporter-output>
          </reporter-output>
        </test-method> <!-- setup -->
        <test-method signature="emptyCheckout()[pri:2, instance:com.TAE.tests.HomePageTest@8dbdac1]" started-at="2018-05-28T16:15:17Z" name="emptyCheckout" finished-at="2018-05-28T16:15:24Z" duration-ms="7301" status="PASS">
          <reporter-output>
          </reporter-output>
        </test-method> <!-- emptyCheckout -->
        <test-method is-config="true" signature="closeBrowser(org.testng.ITestResult)[pri:0, instance:com.TAE.tests.HomePageTest@8dbdac1]" started-at="2018-05-28T16:15:24Z" name="closeBrowser" finished-at="2018-05-28T16:15:30Z" duration-ms="5531" status="PASS">
          <params>
            <param index="0">
              <value>
                <![CDATA[[TestResult name=emptyCheckout status=SUCCESS method=HomePageTest.emptyCheckout()[pri:2, instance:com.TAE.tests.HomePageTest@8dbdac1] output={null}]]]>
              </value>
            </param>
          </params>
          <reporter-output>
          </reporter-output>
        </test-method> <!-- closeBrowser -->
      </class> <!-- com.TAE.tests.HomePageTest -->
    </test> <!-- TAEpractical -->
  </suite> <!-- Default Suite -->
</testng-results>
