<?xml version="1.0" encoding="UTF-8"?>
<testng-results total="1" passed="1" failed="0" skipped="0">
  <reporter-output>
  </reporter-output>
  <suite started-at="2018-05-21T12:08:56Z" name="Default Suite" finished-at="2018-05-21T12:09:13Z" duration-ms="16509">
    <groups>
    </groups>
    <test started-at="2018-05-21T12:08:56Z" name="TAEpractical" finished-at="2018-05-21T12:09:13Z" duration-ms="16509">
      <class name="com.TAE.tests.HomePageTest">
        <test-method is-config="true" signature="setup()[pri:0, instance:com.TAE.tests.HomePageTest@aafcffa]" started-at="2018-05-21T13:08:56Z" name="setup" finished-at="2018-05-21T13:08:57Z" duration-ms="454" status="PASS">
          <reporter-output>
          </reporter-output>
        </test-method> <!-- setup -->
        <test-method signature="endToEndPurchaseTest()[pri:0, instance:com.TAE.tests.HomePageTest@aafcffa]" started-at="2018-05-21T13:08:57Z" name="endToEndPurchaseTest" finished-at="2018-05-21T13:09:11Z" duration-ms="13817" status="PASS">
          <reporter-output>
          </reporter-output>
        </test-method> <!-- endToEndPurchaseTest -->
        <test-method is-config="true" signature="closeBrowser()[pri:0, instance:com.TAE.tests.HomePageTest@aafcffa]" started-at="2018-05-21T13:09:11Z" name="closeBrowser" finished-at="2018-05-21T13:09:13Z" duration-ms="2236" status="PASS">
          <reporter-output>
          </reporter-output>
        </test-method> <!-- closeBrowser -->
      </class> <!-- com.TAE.tests.HomePageTest -->
    </test> <!-- TAEpractical -->
  </suite> <!-- Default Suite -->
</testng-results>
